<?xml version="1.0" encoding="UTF-8"?>
<robot generator="Robot 5.0.1 (Python 3.10.7 on win32)" generated="20221009 21:07:28.641" rpa="false" schemaversion="3">
<suite id="s1" name="MyGarden" source="C:\Projetos\DesafioStone-Mobile\br.com.mobile.stone\Tests\MyGarden">
<suite id="s1-s1" name="addPlanta" source="C:\Projetos\DesafioStone-Mobile\br.com.mobile.stone\Tests\MyGarden\addPlanta.robot">
<test id="s1-s1-t1" name="Caso de Teste 01: P - Adicionar Planta Apple" line="8">
<kw name="Open Android Test App" library="Base" type="SETUP">
<kw name="Open Application" library="AppiumLibrary">
<arg>http://localhost:4723/wd/hub</arg>
<arg>automationName=${ANDROID_AUTOMATION_NAME}</arg>
<arg>platformName=${PLATFORMNAME}</arg>
<arg>deviceName=${DEVICENAME}</arg>
<arg>udid=${UDID}</arg>
<arg>app=${APP}</arg>
<doc>Opens a new application to given Appium server.
Capabilities of appium server, Android and iOS,
Please check https://github.com/appium/appium/blob/master/docs/en/writing-running-appium/server-args.md
| *Option*            | *Man.* | *Description*     |
| remote_url          | Yes    | Appium server url |
| alias               | no     | alias             |</doc>
<status status="PASS" starttime="20221009 21:07:29.179" endtime="20221009 21:07:40.369"/>
</kw>
<status status="PASS" starttime="20221009 21:07:29.178" endtime="20221009 21:07:40.369"/>
</kw>
<kw name="Dado que esteja na pagina sunflower" library="BDD" sourcename="Dado ${keyword}">
<kw name="Run Keyword" library="BuiltIn">
<arg>${keyword}</arg>
<doc>Executes the given keyword with the given arguments.</doc>
<kw name="que esteja na pagina sunflower" library="KeywordsSunflower">
<kw name="Wait Until Element Is Visible" library="AppiumLibrary">
<arg>${button_add_plant}</arg>
<arg>${timeout}</arg>
<doc>Waits until element specified with `locator` is visible.</doc>
<status status="PASS" starttime="20221009 21:07:40.373" endtime="20221009 21:07:41.653"/>
</kw>
<status status="PASS" starttime="20221009 21:07:40.372" endtime="20221009 21:07:41.653"/>
</kw>
<status status="PASS" starttime="20221009 21:07:40.371" endtime="20221009 21:07:41.653"/>
</kw>
<status status="PASS" starttime="20221009 21:07:40.370" endtime="20221009 21:07:41.653"/>
</kw>
<kw name="Quando clicar em Add Plant" library="BDD" sourcename="Quando ${keyword}">
<kw name="Run Keyword" library="BuiltIn">
<arg>${keyword}</arg>
<doc>Executes the given keyword with the given arguments.</doc>
<kw name="clicar em Add Plant" library="KeywordsSunflower">
<kw name="Click Element" library="AppiumLibrary">
<arg>${button_add_plant}</arg>
<doc>Click element identified by `locator`.</doc>
<msg timestamp="20221009 21:07:41.662" level="INFO">Clicking element 'id=com.google.samples.apps.sunflower:id/add_plant'.</msg>
<status status="PASS" starttime="20221009 21:07:41.658" endtime="20221009 21:07:41.805"/>
</kw>
<status status="PASS" starttime="20221009 21:07:41.657" endtime="20221009 21:07:41.805"/>
</kw>
<status status="PASS" starttime="20221009 21:07:41.656" endtime="20221009 21:07:41.805"/>
</kw>
<status status="PASS" starttime="20221009 21:07:41.655" endtime="20221009 21:07:41.805"/>
</kw>
<kw name="E selecionar Apple" library="KeywordsSunflower">
<kw name="Wait Until Element Is Visible" library="AppiumLibrary">
<arg>${buttonapple}</arg>
<arg>${timeout}</arg>
<doc>Waits until element specified with `locator` is visible.</doc>
<status status="PASS" starttime="20221009 21:07:41.806" endtime="20221009 21:07:43.537"/>
</kw>
<kw name="Click Element" library="AppiumLibrary">
<arg>${buttonapple}</arg>
<doc>Click element identified by `locator`.</doc>
<msg timestamp="20221009 21:07:43.540" level="INFO">Clicking element 'xpath=/hierarchy/android.widget.FrameLayout/android.widget.LinearLayout/android.widget.FrameLayout/android.widget.LinearLayout/android.widget.FrameLayout/android.widget.FrameLayout/android.widget.FrameLayout/android.view.ViewGroup/androidx.viewpager.widget.ViewPager/androidx.recyclerview.widget.RecyclerView/android.widget.FrameLayout/android.widget.FrameLayout/androidx.recyclerview.widget.RecyclerView/androidx.cardview.widget.CardView[1]/android.view.ViewGroup/android.widget.TextView'.</msg>
<status status="PASS" starttime="20221009 21:07:43.537" endtime="20221009 21:07:43.784"/>
</kw>
<status status="PASS" starttime="20221009 21:07:41.806" endtime="20221009 21:07:43.785"/>
</kw>
<kw name="E clicar no icone de +" library="KeywordsSunflower">
<kw name="Wait Until Element Is Visible" library="AppiumLibrary">
<arg>${buttonadd}</arg>
<arg>${timeout}</arg>
<doc>Waits until element specified with `locator` is visible.</doc>
<status status="PASS" starttime="20221009 21:07:43.787" endtime="20221009 21:07:44.989"/>
</kw>
<kw name="Click Element" library="AppiumLibrary">
<arg>${buttonadd}</arg>
<doc>Click element identified by `locator`.</doc>
<msg timestamp="20221009 21:07:44.992" level="INFO">Clicking element 'id=com.google.samples.apps.sunflower:id/fab'.</msg>
<status status="PASS" starttime="20221009 21:07:44.989" endtime="20221009 21:07:45.112"/>
</kw>
<status status="PASS" starttime="20221009 21:07:43.786" endtime="20221009 21:07:45.112"/>
</kw>
<kw name="Então valido mensagem de sucesso e que foi adicionado no mygarden a planta Apple" library="BDD" sourcename="Então ${keyword}">
<kw name="Run Keyword" library="BuiltIn">
<arg>${keyword}</arg>
<doc>Executes the given keyword with the given arguments.</doc>
<kw name="valido mensagem de sucesso e que foi adicionado no mygarden a planta Apple" library="KeywordsSunflower">
<kw name="Wait Until Element Is Visible" library="AppiumLibrary">
<arg>${element_mensagem}</arg>
<arg>${timeout}</arg>
<doc>Waits until element specified with `locator` is visible.</doc>
<status status="PASS" starttime="20221009 21:07:45.116" endtime="20221009 21:07:46.079"/>
</kw>
<kw name="Element Should Contain Text" library="AppiumLibrary">
<arg>${element_mensagem}</arg>
<arg>${mensagemSucessoPlantaAdicionada}</arg>
<doc>Verifies element identified by ``locator`` contains text ``expected``.</doc>
<msg timestamp="20221009 21:07:46.082" level="INFO">Verifying element 'id=com.google.samples.apps.sunflower:id/snackbar_text' contains text 'Added plant to garden'.</msg>
<status status="PASS" starttime="20221009 21:07:46.079" endtime="20221009 21:07:46.159"/>
</kw>
<kw name="Wait Until Element Is Visible" library="AppiumLibrary">
<arg>${button_voltar}</arg>
<arg>${timeout}</arg>
<doc>Waits until element specified with `locator` is visible.</doc>
<status status="PASS" starttime="20221009 21:07:46.159" endtime="20221009 21:07:46.277"/>
</kw>
<kw name="Click Element" library="AppiumLibrary">
<arg>${button_voltar}</arg>
<doc>Click element identified by `locator`.</doc>
<msg timestamp="20221009 21:07:46.282" level="INFO">Clicking element 'xpath=/hierarchy/android.widget.FrameLayout/android.widget.LinearLayout/android.widget.FrameLayout/android.widget.LinearLayout/android.widget.FrameLayout/android.widget.FrameLayout/android.widget.FrameLayout/android.view.ViewGroup/android.widget.LinearLayout/android.widget.FrameLayout/android.view.ViewGroup/android.widget.ImageButton'.</msg>
<status status="PASS" starttime="20221009 21:07:46.277" endtime="20221009 21:07:46.512"/>
</kw>
<kw name="Wait Until Element Is Visible" library="AppiumLibrary">
<arg>//android.widget.LinearLayout[@content-desc="My garden"]/android.widget.TextView</arg>
<arg>${timeout}</arg>
<doc>Waits until element specified with `locator` is visible.</doc>
<status status="PASS" starttime="20221009 21:07:46.512" endtime="20221009 21:07:49.052"/>
</kw>
<kw name="Click Element" library="AppiumLibrary">
<arg>//android.widget.LinearLayout[@content-desc="My garden"]/android.widget.TextView</arg>
<doc>Click element identified by `locator`.</doc>
<msg timestamp="20221009 21:07:49.054" level="INFO">Clicking element '//android.widget.LinearLayout[@content-desc="My garden"]/android.widget.TextView'.</msg>
<status status="PASS" starttime="20221009 21:07:49.053" endtime="20221009 21:07:49.365"/>
</kw>
<kw name="Element Should Contain Text" library="AppiumLibrary">
<arg>${element_planta}</arg>
<arg>${nomePlanta}</arg>
<doc>Verifies element identified by ``locator`` contains text ``expected``.</doc>
<msg timestamp="20221009 21:07:49.370" level="INFO">Verifying element 'id=com.google.samples.apps.sunflower:id/plant_name' contains text 'Apple'.</msg>
<status status="PASS" starttime="20221009 21:07:49.366" endtime="20221009 21:07:50.536"/>
</kw>
<kw name="Element Should Contain Text" library="AppiumLibrary">
<arg>${element_informacao_planted}</arg>
<arg>${informacao_planted}</arg>
<doc>Verifies element identified by ``locator`` contains text ``expected``.</doc>
<msg timestamp="20221009 21:07:50.540" level="INFO">Verifying element 'id=com.google.samples.apps.sunflower:id/plant_date_header' contains text 'Planted'.</msg>
<status status="PASS" starttime="20221009 21:07:50.536" endtime="20221009 21:07:50.843"/>
</kw>
<kw name="Element Should Contain Text" library="AppiumLibrary">
<arg>${element_informacao_date}</arg>
<arg>${date_plant}</arg>
<doc>Verifies element identified by ``locator`` contains text ``expected``.</doc>
<msg timestamp="20221009 21:07:50.848" level="INFO">Verifying element 'id=com.google.samples.apps.sunflower:id/watered_date_header' contains text 'Last Watered'.</msg>
<status status="PASS" starttime="20221009 21:07:50.844" endtime="20221009 21:07:51.069"/>
</kw>
<status status="PASS" starttime="20221009 21:07:45.115" endtime="20221009 21:07:51.069"/>
</kw>
<status status="PASS" starttime="20221009 21:07:45.114" endtime="20221009 21:07:51.069"/>
</kw>
<status status="PASS" starttime="20221009 21:07:45.113" endtime="20221009 21:07:51.070"/>
</kw>
<kw name="Close App" library="Base" type="TEARDOWN">
<kw name="Close Application" library="AppiumLibrary">
<doc>Closes the current application and also close webdriver session.</doc>
<status status="PASS" starttime="20221009 21:07:51.073" endtime="20221009 21:07:52.328"/>
</kw>
<status status="PASS" starttime="20221009 21:07:51.072" endtime="20221009 21:07:52.329"/>
</kw>
<tag>AdicionarPlanta_Apple</tag>
<status status="PASS" starttime="20221009 21:07:29.178" endtime="20221009 21:07:52.329"/>
</test>
<test id="s1-s1-t2" name="Caso de Teste 02: P - Adicionar Planta Avocado" line="16">
<kw name="Open Android Test App" library="Base" type="SETUP">
<kw name="Open Application" library="AppiumLibrary">
<arg>http://localhost:4723/wd/hub</arg>
<arg>automationName=${ANDROID_AUTOMATION_NAME}</arg>
<arg>platformName=${PLATFORMNAME}</arg>
<arg>deviceName=${DEVICENAME}</arg>
<arg>udid=${UDID}</arg>
<arg>app=${APP}</arg>
<doc>Opens a new application to given Appium server.
Capabilities of appium server, Android and iOS,
Please check https://github.com/appium/appium/blob/master/docs/en/writing-running-appium/server-args.md
| *Option*            | *Man.* | *Description*     |
| remote_url          | Yes    | Appium server url |
| alias               | no     | alias             |</doc>
<status status="PASS" starttime="20221009 21:07:52.332" endtime="20221009 21:08:06.749"/>
</kw>
<status status="PASS" starttime="20221009 21:07:52.331" endtime="20221009 21:08:06.750"/>
</kw>
<kw name="Dado que esteja na pagina sunflower" library="BDD" sourcename="Dado ${keyword}">
<kw name="Run Keyword" library="BuiltIn">
<arg>${keyword}</arg>
<doc>Executes the given keyword with the given arguments.</doc>
<kw name="que esteja na pagina sunflower" library="KeywordsSunflower">
<kw name="Wait Until Element Is Visible" library="AppiumLibrary">
<arg>${button_add_plant}</arg>
<arg>${timeout}</arg>
<doc>Waits until element specified with `locator` is visible.</doc>
<status status="PASS" starttime="20221009 21:08:06.754" endtime="20221009 21:08:07.848"/>
</kw>
<status status="PASS" starttime="20221009 21:08:06.754" endtime="20221009 21:08:07.849"/>
</kw>
<status status="PASS" starttime="20221009 21:08:06.753" endtime="20221009 21:08:07.849"/>
</kw>
<status status="PASS" starttime="20221009 21:08:06.752" endtime="20221009 21:08:07.849"/>
</kw>
<kw name="Quando clicar em Add Plant" library="BDD" sourcename="Quando ${keyword}">
<kw name="Run Keyword" library="BuiltIn">
<arg>${keyword}</arg>
<doc>Executes the given keyword with the given arguments.</doc>
<kw name="clicar em Add Plant" library="KeywordsSunflower">
<kw name="Click Element" library="AppiumLibrary">
<arg>${button_add_plant}</arg>
<doc>Click element identified by `locator`.</doc>
<msg timestamp="20221009 21:08:07.857" level="INFO">Clicking element 'id=com.google.samples.apps.sunflower:id/add_plant'.</msg>
<status status="PASS" starttime="20221009 21:08:07.852" endtime="20221009 21:08:08.119"/>
</kw>
<status status="PASS" starttime="20221009 21:08:07.852" endtime="20221009 21:08:08.119"/>
</kw>
<status status="PASS" starttime="20221009 21:08:07.851" endtime="20221009 21:08:08.120"/>
</kw>
<status status="PASS" starttime="20221009 21:08:07.851" endtime="20221009 21:08:08.120"/>
</kw>
<kw name="E selecionar Avocado" library="KeywordsSunflower">
<kw name="Wait Until Element Is Visible" library="AppiumLibrary">
<arg>${buttonAvocado}</arg>
<arg>${timeout}</arg>
<doc>Waits until element specified with `locator` is visible.</doc>
<status status="PASS" starttime="20221009 21:08:08.121" endtime="20221009 21:08:10.376"/>
</kw>
<kw name="Click Element" library="AppiumLibrary">
<arg>${buttonAvocado}</arg>
<doc>Click element identified by `locator`.</doc>
<msg timestamp="20221009 21:08:10.381" level="INFO">Clicking element 'xpath=/hierarchy/android.widget.FrameLayout/android.widget.LinearLayout/android.widget.FrameLayout/android.widget.LinearLayout/android.widget.FrameLayout/android.widget.FrameLayout/android.widget.FrameLayout/android.view.ViewGroup/androidx.viewpager.widget.ViewPager/androidx.recyclerview.widget.RecyclerView/android.widget.FrameLayout/android.widget.FrameLayout/androidx.recyclerview.widget.RecyclerView/androidx.cardview.widget.CardView[2]/android.view.ViewGroup/android.widget.TextView'.</msg>
<status status="PASS" starttime="20221009 21:08:10.377" endtime="20221009 21:08:10.655"/>
</kw>
<status status="PASS" starttime="20221009 21:08:08.121" endtime="20221009 21:08:10.655"/>
</kw>
<kw name="E clicar no icone de +" library="KeywordsSunflower">
<kw name="Wait Until Element Is Visible" library="AppiumLibrary">
<arg>${buttonadd}</arg>
<arg>${timeout}</arg>
<doc>Waits until element specified with `locator` is visible.</doc>
<status status="PASS" starttime="20221009 21:08:10.657" endtime="20221009 21:08:11.863"/>
</kw>
<kw name="Click Element" library="AppiumLibrary">
<arg>${buttonadd}</arg>
<doc>Click element identified by `locator`.</doc>
<msg timestamp="20221009 21:08:11.866" level="INFO">Clicking element 'id=com.google.samples.apps.sunflower:id/fab'.</msg>
<status status="PASS" starttime="20221009 21:08:11.863" endtime="20221009 21:08:12.050"/>
</kw>
<status status="PASS" starttime="20221009 21:08:10.656" endtime="20221009 21:08:12.050"/>
</kw>
<kw name="Então valido mensagem de sucesso e que foi adicionado no mygarden a planta Avocado" library="BDD" sourcename="Então ${keyword}">
<kw name="Run Keyword" library="BuiltIn">
<arg>${keyword}</arg>
<doc>Executes the given keyword with the given arguments.</doc>
<kw name="valido mensagem de sucesso e que foi adicionado no mygarden a planta Avocado" library="KeywordsSunflower">
<kw name="Wait Until Element Is Visible" library="AppiumLibrary">
<arg>${element_mensagem}</arg>
<arg>${timeout}</arg>
<doc>Waits until element specified with `locator` is visible.</doc>
<status status="PASS" starttime="20221009 21:08:12.053" endtime="20221009 21:08:12.861"/>
</kw>
<kw name="Element Should Contain Text" library="AppiumLibrary">
<arg>${element_mensagem}</arg>
<arg>${mensagemSucessoPlantaAdicionada}</arg>
<doc>Verifies element identified by ``locator`` contains text ``expected``.</doc>
<msg timestamp="20221009 21:08:12.864" level="INFO">Verifying element 'id=com.google.samples.apps.sunflower:id/snackbar_text' contains text 'Added plant to garden'.</msg>
<status status="PASS" starttime="20221009 21:08:12.862" endtime="20221009 21:08:12.925"/>
</kw>
<kw name="Wait Until Element Is Visible" library="AppiumLibrary">
<arg>${button_voltar}</arg>
<arg>${timeout}</arg>
<doc>Waits until element specified with `locator` is visible.</doc>
<status status="PASS" starttime="20221009 21:08:12.925" endtime="20221009 21:08:13.020"/>
</kw>
<kw name="Click Element" library="AppiumLibrary">
<arg>${button_voltar}</arg>
<doc>Click element identified by `locator`.</doc>
<msg timestamp="20221009 21:08:13.023" level="INFO">Clicking element 'xpath=/hierarchy/android.widget.FrameLayout/android.widget.LinearLayout/android.widget.FrameLayout/android.widget.LinearLayout/android.widget.FrameLayout/android.widget.FrameLayout/android.widget.FrameLayout/android.view.ViewGroup/android.widget.LinearLayout/android.widget.FrameLayout/android.view.ViewGroup/android.widget.ImageButton'.</msg>
<status status="PASS" starttime="20221009 21:08:13.020" endtime="20221009 21:08:13.161"/>
</kw>
<kw name="Wait Until Element Is Visible" library="AppiumLibrary">
<arg>//android.widget.LinearLayout[@content-desc="My garden"]/android.widget.TextView</arg>
<arg>${timeout}</arg>
<doc>Waits until element specified with `locator` is visible.</doc>
<status status="PASS" starttime="20221009 21:08:13.161" endtime="20221009 21:08:14.299"/>
</kw>
<kw name="Click Element" library="AppiumLibrary">
<arg>//android.widget.LinearLayout[@content-desc="My garden"]/android.widget.TextView</arg>
<doc>Click element identified by `locator`.</doc>
<msg timestamp="20221009 21:08:14.302" level="INFO">Clicking element '//android.widget.LinearLayout[@content-desc="My garden"]/android.widget.TextView'.</msg>
<status status="PASS" starttime="20221009 21:08:14.299" endtime="20221009 21:08:14.494"/>
</kw>
<kw name="Element Should Contain Text" library="AppiumLibrary">
<arg>${element_planta}</arg>
<arg>${informacao_planted_Avocado}</arg>
<doc>Verifies element identified by ``locator`` contains text ``expected``.</doc>
<msg timestamp="20221009 21:08:14.499" level="INFO">Verifying element 'id=com.google.samples.apps.sunflower:id/plant_name' contains text 'Avocado'.</msg>
<status status="PASS" starttime="20221009 21:08:14.494" endtime="20221009 21:08:15.310"/>
</kw>
<kw name="Element Should Contain Text" library="AppiumLibrary">
<arg>${element_informacao_planted}</arg>
<arg>${informacao_planted}</arg>
<doc>Verifies element identified by ``locator`` contains text ``expected``.</doc>
<msg timestamp="20221009 21:08:15.314" level="INFO">Verifying element 'id=com.google.samples.apps.sunflower:id/plant_date_header' contains text 'Planted'.</msg>
<status status="PASS" starttime="20221009 21:08:15.311" endtime="20221009 21:08:15.454"/>
</kw>
<kw name="Element Should Contain Text" library="AppiumLibrary">
<arg>${element_informacao_date}</arg>
<arg>${date_plant}</arg>
<doc>Verifies element identified by ``locator`` contains text ``expected``.</doc>
<msg timestamp="20221009 21:08:15.459" level="INFO">Verifying element 'id=com.google.samples.apps.sunflower:id/watered_date_header' contains text 'Last Watered'.</msg>
<status status="PASS" starttime="20221009 21:08:15.455" endtime="20221009 21:08:16.141"/>
</kw>
<status status="PASS" starttime="20221009 21:08:12.052" endtime="20221009 21:08:16.142"/>
</kw>
<status status="PASS" starttime="20221009 21:08:12.052" endtime="20221009 21:08:16.142"/>
</kw>
<status status="PASS" starttime="20221009 21:08:12.051" endtime="20221009 21:08:16.142"/>
</kw>
<kw name="Close App" library="Base" type="TEARDOWN">
<kw name="Close Application" library="AppiumLibrary">
<doc>Closes the current application and also close webdriver session.</doc>
<status status="PASS" starttime="20221009 21:08:16.143" endtime="20221009 21:08:17.043"/>
</kw>
<status status="PASS" starttime="20221009 21:08:16.143" endtime="20221009 21:08:17.043"/>
</kw>
<tag>AdicionarPlanta_Avocado</tag>
<status status="PASS" starttime="20221009 21:07:52.330" endtime="20221009 21:08:17.044"/>
</test>
<test id="s1-s1-t3" name="Caso de Teste 03: P - Adicionar Planta Beet" line="24">
<kw name="Open Android Test App" library="Base" type="SETUP">
<kw name="Open Application" library="AppiumLibrary">
<arg>http://localhost:4723/wd/hub</arg>
<arg>automationName=${ANDROID_AUTOMATION_NAME}</arg>
<arg>platformName=${PLATFORMNAME}</arg>
<arg>deviceName=${DEVICENAME}</arg>
<arg>udid=${UDID}</arg>
<arg>app=${APP}</arg>
<doc>Opens a new application to given Appium server.
Capabilities of appium server, Android and iOS,
Please check https://github.com/appium/appium/blob/master/docs/en/writing-running-appium/server-args.md
| *Option*            | *Man.* | *Description*     |
| remote_url          | Yes    | Appium server url |
| alias               | no     | alias             |</doc>
<status status="PASS" starttime="20221009 21:08:17.047" endtime="20221009 21:08:31.825"/>
</kw>
<status status="PASS" starttime="20221009 21:08:17.046" endtime="20221009 21:08:31.826"/>
</kw>
<kw name="Dado que esteja na pagina sunflower" library="BDD" sourcename="Dado ${keyword}">
<kw name="Run Keyword" library="BuiltIn">
<arg>${keyword}</arg>
<doc>Executes the given keyword with the given arguments.</doc>
<kw name="que esteja na pagina sunflower" library="KeywordsSunflower">
<kw name="Wait Until Element Is Visible" library="AppiumLibrary">
<arg>${button_add_plant}</arg>
<arg>${timeout}</arg>
<doc>Waits until element specified with `locator` is visible.</doc>
<status status="PASS" starttime="20221009 21:08:31.835" endtime="20221009 21:08:32.869"/>
</kw>
<status status="PASS" starttime="20221009 21:08:31.835" endtime="20221009 21:08:32.870"/>
</kw>
<status status="PASS" starttime="20221009 21:08:31.834" endtime="20221009 21:08:32.870"/>
</kw>
<status status="PASS" starttime="20221009 21:08:31.832" endtime="20221009 21:08:32.870"/>
</kw>
<kw name="Quando clicar em Add Plant" library="BDD" sourcename="Quando ${keyword}">
<kw name="Run Keyword" library="BuiltIn">
<arg>${keyword}</arg>
<doc>Executes the given keyword with the given arguments.</doc>
<kw name="clicar em Add Plant" library="KeywordsSunflower">
<kw name="Click Element" library="AppiumLibrary">
<arg>${button_add_plant}</arg>
<doc>Click element identified by `locator`.</doc>
<msg timestamp="20221009 21:08:32.878" level="INFO">Clicking element 'id=com.google.samples.apps.sunflower:id/add_plant'.</msg>
<status status="PASS" starttime="20221009 21:08:32.873" endtime="20221009 21:08:33.108"/>
</kw>
<status status="PASS" starttime="20221009 21:08:32.873" endtime="20221009 21:08:33.108"/>
</kw>
<status status="PASS" starttime="20221009 21:08:32.872" endtime="20221009 21:08:33.108"/>
</kw>
<status status="PASS" starttime="20221009 21:08:32.871" endtime="20221009 21:08:33.108"/>
</kw>
<kw name="E selecionar Beet" library="KeywordsSunflower">
<kw name="Wait Until Element Is Visible" library="AppiumLibrary">
<arg>${buttonbeet}</arg>
<arg>${timeout}</arg>
<doc>Waits until element specified with `locator` is visible.</doc>
<status status="PASS" starttime="20221009 21:08:33.110" endtime="20221009 21:08:34.710"/>
</kw>
<kw name="Click Element" library="AppiumLibrary">
<arg>${buttonbeet}</arg>
<doc>Click element identified by `locator`.</doc>
<msg timestamp="20221009 21:08:34.712" level="INFO">Clicking element 'xpath=/hierarchy/android.widget.FrameLayout/android.widget.LinearLayout/android.widget.FrameLayout/android.widget.LinearLayout/android.widget.FrameLayout/android.widget.FrameLayout/android.widget.FrameLayout/android.view.ViewGroup/androidx.viewpager.widget.ViewPager/androidx.recyclerview.widget.RecyclerView/android.widget.FrameLayout/android.widget.FrameLayout/androidx.recyclerview.widget.RecyclerView/androidx.cardview.widget.CardView[3]/android.view.ViewGroup/android.widget.TextView'.</msg>
<status status="PASS" starttime="20221009 21:08:34.710" endtime="20221009 21:08:34.929"/>
</kw>
<status status="PASS" starttime="20221009 21:08:33.109" endtime="20221009 21:08:34.930"/>
</kw>
<kw name="E clicar no icone de +" library="KeywordsSunflower">
<kw name="Wait Until Element Is Visible" library="AppiumLibrary">
<arg>${buttonadd}</arg>
<arg>${timeout}</arg>
<doc>Waits until element specified with `locator` is visible.</doc>
<status status="PASS" starttime="20221009 21:08:34.931" endtime="20221009 21:08:36.010"/>
</kw>
<kw name="Click Element" library="AppiumLibrary">
<arg>${buttonadd}</arg>
<doc>Click element identified by `locator`.</doc>
<msg timestamp="20221009 21:08:36.013" level="INFO">Clicking element 'id=com.google.samples.apps.sunflower:id/fab'.</msg>
<status status="PASS" starttime="20221009 21:08:36.011" endtime="20221009 21:08:36.125"/>
</kw>
<status status="PASS" starttime="20221009 21:08:34.930" endtime="20221009 21:08:36.126"/>
</kw>
<kw name="Então valido mensagem de sucesso e que foi adicionado no mygarden a planta Beet" library="BDD" sourcename="Então ${keyword}">
<kw name="Run Keyword" library="BuiltIn">
<arg>${keyword}</arg>
<doc>Executes the given keyword with the given arguments.</doc>
<kw name="valido mensagem de sucesso e que foi adicionado no mygarden a planta Beet" library="KeywordsSunflower">
<kw name="Wait Until Element Is Visible" library="AppiumLibrary">
<arg>${element_mensagem}</arg>
<arg>${timeout}</arg>
<doc>Waits until element specified with `locator` is visible.</doc>
<status status="PASS" starttime="20221009 21:08:36.129" endtime="20221009 21:08:37.054"/>
</kw>
<kw name="Element Should Contain Text" library="AppiumLibrary">
<arg>${element_mensagem}</arg>
<arg>${mensagemSucessoPlantaAdicionada}</arg>
<doc>Verifies element identified by ``locator`` contains text ``expected``.</doc>
<msg timestamp="20221009 21:08:37.057" level="INFO">Verifying element 'id=com.google.samples.apps.sunflower:id/snackbar_text' contains text 'Added plant to garden'.</msg>
<status status="PASS" starttime="20221009 21:08:37.055" endtime="20221009 21:08:37.111"/>
</kw>
<kw name="Wait Until Element Is Visible" library="AppiumLibrary">
<arg>${button_voltar}</arg>
<arg>${timeout}</arg>
<doc>Waits until element specified with `locator` is visible.</doc>
<status status="PASS" starttime="20221009 21:08:37.111" endtime="20221009 21:08:37.201"/>
</kw>
<kw name="Click Element" library="AppiumLibrary">
<arg>${button_voltar}</arg>
<doc>Click element identified by `locator`.</doc>
<msg timestamp="20221009 21:08:37.206" level="INFO">Clicking element 'xpath=/hierarchy/android.widget.FrameLayout/android.widget.LinearLayout/android.widget.FrameLayout/android.widget.LinearLayout/android.widget.FrameLayout/android.widget.FrameLayout/android.widget.FrameLayout/android.view.ViewGroup/android.widget.LinearLayout/android.widget.FrameLayout/android.view.ViewGroup/android.widget.ImageButton'.</msg>
<status status="PASS" starttime="20221009 21:08:37.201" endtime="20221009 21:08:37.361"/>
</kw>
<kw name="Wait Until Element Is Visible" library="AppiumLibrary">
<arg>//android.widget.LinearLayout[@content-desc="My garden"]/android.widget.TextView</arg>
<arg>${timeout}</arg>
<doc>Waits until element specified with `locator` is visible.</doc>
<status status="PASS" starttime="20221009 21:08:37.362" endtime="20221009 21:08:38.410"/>
</kw>
<kw name="Click Element" library="AppiumLibrary">
<arg>//android.widget.LinearLayout[@content-desc="My garden"]/android.widget.TextView</arg>
<doc>Click element identified by `locator`.</doc>
<msg timestamp="20221009 21:08:38.413" level="INFO">Clicking element '//android.widget.LinearLayout[@content-desc="My garden"]/android.widget.TextView'.</msg>
<status status="PASS" starttime="20221009 21:08:38.410" endtime="20221009 21:08:38.609"/>
</kw>
<kw name="Element Should Contain Text" library="AppiumLibrary">
<arg>${element_planta}</arg>
<arg>${informacao_planted_Beet}</arg>
<doc>Verifies element identified by ``locator`` contains text ``expected``.</doc>
<msg timestamp="20221009 21:08:38.613" level="INFO">Verifying element 'id=com.google.samples.apps.sunflower:id/plant_name' contains text 'Beet'.</msg>
<status status="PASS" starttime="20221009 21:08:38.610" endtime="20221009 21:08:39.560"/>
</kw>
<kw name="Element Should Contain Text" library="AppiumLibrary">
<arg>${element_informacao_planted}</arg>
<arg>${informacao_planted}</arg>
<doc>Verifies element identified by ``locator`` contains text ``expected``.</doc>
<msg timestamp="20221009 21:08:39.563" level="INFO">Verifying element 'id=com.google.samples.apps.sunflower:id/plant_date_header' contains text 'Planted'.</msg>
<status status="PASS" starttime="20221009 21:08:39.560" endtime="20221009 21:08:39.629"/>
</kw>
<kw name="Element Should Contain Text" library="AppiumLibrary">
<arg>${element_informacao_date}</arg>
<arg>${date_plant}</arg>
<doc>Verifies element identified by ``locator`` contains text ``expected``.</doc>
<msg timestamp="20221009 21:08:39.633" level="INFO">Verifying element 'id=com.google.samples.apps.sunflower:id/watered_date_header' contains text 'Last Watered'.</msg>
<status status="PASS" starttime="20221009 21:08:39.629" endtime="20221009 21:08:39.691"/>
</kw>
<status status="PASS" starttime="20221009 21:08:36.128" endtime="20221009 21:08:39.691"/>
</kw>
<status status="PASS" starttime="20221009 21:08:36.127" endtime="20221009 21:08:39.691"/>
</kw>
<status status="PASS" starttime="20221009 21:08:36.126" endtime="20221009 21:08:39.691"/>
</kw>
<kw name="Close App" library="Base" type="TEARDOWN">
<kw name="Close Application" library="AppiumLibrary">
<doc>Closes the current application and also close webdriver session.</doc>
<status status="PASS" starttime="20221009 21:08:39.693" endtime="20221009 21:08:40.279"/>
</kw>
<status status="PASS" starttime="20221009 21:08:39.692" endtime="20221009 21:08:40.279"/>
</kw>
<tag>AdicionarPlanta_Beet</tag>
<status status="PASS" starttime="20221009 21:08:17.045" endtime="20221009 21:08:40.280"/>
</test>
<test id="s1-s1-t4" name="Caso de Teste 04: P - Validar Jardim Vazio" line="32">
<kw name="Open Android Test App" library="Base" type="SETUP">
<kw name="Open Application" library="AppiumLibrary">
<arg>http://localhost:4723/wd/hub</arg>
<arg>automationName=${ANDROID_AUTOMATION_NAME}</arg>
<arg>platformName=${PLATFORMNAME}</arg>
<arg>deviceName=${DEVICENAME}</arg>
<arg>udid=${UDID}</arg>
<arg>app=${APP}</arg>
<doc>Opens a new application to given Appium server.
Capabilities of appium server, Android and iOS,
Please check https://github.com/appium/appium/blob/master/docs/en/writing-running-appium/server-args.md
| *Option*            | *Man.* | *Description*     |
| remote_url          | Yes    | Appium server url |
| alias               | no     | alias             |</doc>
<status status="PASS" starttime="20221009 21:08:40.285" endtime="20221009 21:08:54.975"/>
</kw>
<status status="PASS" starttime="20221009 21:08:40.284" endtime="20221009 21:08:54.976"/>
</kw>
<kw name="Dado que esteja na pagina sunflower" library="BDD" sourcename="Dado ${keyword}">
<kw name="Run Keyword" library="BuiltIn">
<arg>${keyword}</arg>
<doc>Executes the given keyword with the given arguments.</doc>
<kw name="que esteja na pagina sunflower" library="KeywordsSunflower">
<kw name="Wait Until Element Is Visible" library="AppiumLibrary">
<arg>${button_add_plant}</arg>
<arg>${timeout}</arg>
<doc>Waits until element specified with `locator` is visible.</doc>
<status status="PASS" starttime="20221009 21:08:54.981" endtime="20221009 21:08:55.974"/>
</kw>
<status status="PASS" starttime="20221009 21:08:54.980" endtime="20221009 21:08:55.974"/>
</kw>
<status status="PASS" starttime="20221009 21:08:54.980" endtime="20221009 21:08:55.974"/>
</kw>
<status status="PASS" starttime="20221009 21:08:54.978" endtime="20221009 21:08:55.974"/>
</kw>
<kw name="Quando visualizar a pagina do mygarden" library="BDD" sourcename="Quando ${keyword}">
<kw name="Run Keyword" library="BuiltIn">
<arg>${keyword}</arg>
<doc>Executes the given keyword with the given arguments.</doc>
<kw name="visualizar a pagina do mygarden" library="KeywordsSunflower">
<kw name="Wait Until Element Is Visible" library="AppiumLibrary">
<arg>${button_add_plant}</arg>
<arg>${timeout}</arg>
<doc>Waits until element specified with `locator` is visible.</doc>
<status status="PASS" starttime="20221009 21:08:55.978" endtime="20221009 21:08:56.104"/>
</kw>
<status status="PASS" starttime="20221009 21:08:55.977" endtime="20221009 21:08:56.105"/>
</kw>
<status status="PASS" starttime="20221009 21:08:55.977" endtime="20221009 21:08:56.105"/>
</kw>
<status status="PASS" starttime="20221009 21:08:55.976" endtime="20221009 21:08:56.105"/>
</kw>
<kw name="Então valido mensagem de jardim vazio" library="BDD" sourcename="Então ${keyword}">
<kw name="Run Keyword" library="BuiltIn">
<arg>${keyword}</arg>
<doc>Executes the given keyword with the given arguments.</doc>
<kw name="valido mensagem de jardim vazio" library="KeywordsSunflower">
<kw name="Wait Until Page Contains Element" library="AppiumLibrary">
<arg>${mensagem_tela_principal}</arg>
<arg>${timeout}</arg>
<doc>Waits until element specified with `locator` appears on current page.</doc>
<status status="PASS" starttime="20221009 21:08:56.109" endtime="20221009 21:08:56.204"/>
</kw>
<kw name="Element Should Contain Text" library="AppiumLibrary">
<arg>${mensagem_tela_principal}</arg>
<arg>Your garden is empty</arg>
<doc>Verifies element identified by ``locator`` contains text ``expected``.</doc>
<msg timestamp="20221009 21:08:56.209" level="INFO">Verifying element 'id=com.google.samples.apps.sunflower:id/empty_garden' contains text 'Your garden is empty'.</msg>
<status status="PASS" starttime="20221009 21:08:56.205" endtime="20221009 21:08:56.294"/>
</kw>
<status status="PASS" starttime="20221009 21:08:56.108" endtime="20221009 21:08:56.295"/>
</kw>
<status status="PASS" starttime="20221009 21:08:56.107" endtime="20221009 21:08:56.295"/>
</kw>
<status status="PASS" starttime="20221009 21:08:56.107" endtime="20221009 21:08:56.295"/>
</kw>
<kw name="Close App" library="Base" type="TEARDOWN">
<kw name="Close Application" library="AppiumLibrary">
<doc>Closes the current application and also close webdriver session.</doc>
<status status="PASS" starttime="20221009 21:08:56.296" endtime="20221009 21:08:57.016"/>
</kw>
<status status="PASS" starttime="20221009 21:08:56.296" endtime="20221009 21:08:57.016"/>
</kw>
<tag>ValidarJardimVazio</tag>
<status status="PASS" starttime="20221009 21:08:40.282" endtime="20221009 21:08:57.017"/>
</test>
<test id="s1-s1-t5" name="Caso de Teste 05: P - Validar Que Não é Possivel Adicionar Duas Vezes a Mesma Planta" line="39">
<kw name="Open Android Test App" library="Base" type="SETUP">
<kw name="Open Application" library="AppiumLibrary">
<arg>http://localhost:4723/wd/hub</arg>
<arg>automationName=${ANDROID_AUTOMATION_NAME}</arg>
<arg>platformName=${PLATFORMNAME}</arg>
<arg>deviceName=${DEVICENAME}</arg>
<arg>udid=${UDID}</arg>
<arg>app=${APP}</arg>
<doc>Opens a new application to given Appium server.
Capabilities of appium server, Android and iOS,
Please check https://github.com/appium/appium/blob/master/docs/en/writing-running-appium/server-args.md
| *Option*            | *Man.* | *Description*     |
| remote_url          | Yes    | Appium server url |
| alias               | no     | alias             |</doc>
<status status="PASS" starttime="20221009 21:08:57.021" endtime="20221009 21:09:11.420"/>
</kw>
<status status="PASS" starttime="20221009 21:08:57.021" endtime="20221009 21:09:11.421"/>
</kw>
<kw name="Dado que a planta Avocado esteja adicionada no jardim" library="BDD" sourcename="Dado ${keyword}">
<kw name="Run Keyword" library="BuiltIn">
<arg>${keyword}</arg>
<doc>Executes the given keyword with the given arguments.</doc>
<kw name="que a planta Avocado esteja adicionada no jardim" library="KeywordsSunflower">
<kw name="que esteja na pagina sunflower" library="KeywordsSunflower">
<kw name="Wait Until Element Is Visible" library="AppiumLibrary">
<arg>${button_add_plant}</arg>
<arg>${timeout}</arg>
<doc>Waits until element specified with `locator` is visible.</doc>
<status status="PASS" starttime="20221009 21:09:11.427" endtime="20221009 21:09:12.649"/>
</kw>
<status status="PASS" starttime="20221009 21:09:11.426" endtime="20221009 21:09:12.650"/>
</kw>
<kw name="clicar em Add Plant" library="KeywordsSunflower">
<kw name="Click Element" library="AppiumLibrary">
<arg>${button_add_plant}</arg>
<doc>Click element identified by `locator`.</doc>
<msg timestamp="20221009 21:09:12.656" level="INFO">Clicking element 'id=com.google.samples.apps.sunflower:id/add_plant'.</msg>
<status status="PASS" starttime="20221009 21:09:12.651" endtime="20221009 21:09:12.896"/>
</kw>
<status status="PASS" starttime="20221009 21:09:12.650" endtime="20221009 21:09:12.897"/>
</kw>
<kw name="E selecionar Avocado" library="KeywordsSunflower">
<kw name="Wait Until Element Is Visible" library="AppiumLibrary">
<arg>${buttonAvocado}</arg>
<arg>${timeout}</arg>
<doc>Waits until element specified with `locator` is visible.</doc>
<status status="PASS" starttime="20221009 21:09:12.898" endtime="20221009 21:09:15.042"/>
</kw>
<kw name="Click Element" library="AppiumLibrary">
<arg>${buttonAvocado}</arg>
<doc>Click element identified by `locator`.</doc>
<msg timestamp="20221009 21:09:15.045" level="INFO">Clicking element 'xpath=/hierarchy/android.widget.FrameLayout/android.widget.LinearLayout/android.widget.FrameLayout/android.widget.LinearLayout/android.widget.FrameLayout/android.widget.FrameLayout/android.widget.FrameLayout/android.view.ViewGroup/androidx.viewpager.widget.ViewPager/androidx.recyclerview.widget.RecyclerView/android.widget.FrameLayout/android.widget.FrameLayout/androidx.recyclerview.widget.RecyclerView/androidx.cardview.widget.CardView[2]/android.view.ViewGroup/android.widget.TextView'.</msg>
<status status="PASS" starttime="20221009 21:09:15.043" endtime="20221009 21:09:15.243"/>
</kw>
<status status="PASS" starttime="20221009 21:09:12.898" endtime="20221009 21:09:15.243"/>
</kw>
<kw name="E clicar no icone de +" library="KeywordsSunflower">
<kw name="Wait Until Element Is Visible" library="AppiumLibrary">
<arg>${buttonadd}</arg>
<arg>${timeout}</arg>
<doc>Waits until element specified with `locator` is visible.</doc>
<status status="PASS" starttime="20221009 21:09:15.244" endtime="20221009 21:09:16.280"/>
</kw>
<kw name="Click Element" library="AppiumLibrary">
<arg>${buttonadd}</arg>
<doc>Click element identified by `locator`.</doc>
<msg timestamp="20221009 21:09:16.283" level="INFO">Clicking element 'id=com.google.samples.apps.sunflower:id/fab'.</msg>
<status status="PASS" starttime="20221009 21:09:16.281" endtime="20221009 21:09:16.400"/>
</kw>
<status status="PASS" starttime="20221009 21:09:15.243" endtime="20221009 21:09:16.400"/>
</kw>
<kw name="valido mensagem de sucesso e que foi adicionado no mygarden a planta Avocado" library="KeywordsSunflower">
<kw name="Wait Until Element Is Visible" library="AppiumLibrary">
<arg>${element_mensagem}</arg>
<arg>${timeout}</arg>
<doc>Waits until element specified with `locator` is visible.</doc>
<status status="PASS" starttime="20221009 21:09:16.401" endtime="20221009 21:09:17.278"/>
</kw>
<kw name="Element Should Contain Text" library="AppiumLibrary">
<arg>${element_mensagem}</arg>
<arg>${mensagemSucessoPlantaAdicionada}</arg>
<doc>Verifies element identified by ``locator`` contains text ``expected``.</doc>
<msg timestamp="20221009 21:09:17.281" level="INFO">Verifying element 'id=com.google.samples.apps.sunflower:id/snackbar_text' contains text 'Added plant to garden'.</msg>
<status status="PASS" starttime="20221009 21:09:17.278" endtime="20221009 21:09:17.366"/>
</kw>
<kw name="Wait Until Element Is Visible" library="AppiumLibrary">
<arg>${button_voltar}</arg>
<arg>${timeout}</arg>
<doc>Waits until element specified with `locator` is visible.</doc>
<status status="PASS" starttime="20221009 21:09:17.367" endtime="20221009 21:09:17.488"/>
</kw>
<kw name="Click Element" library="AppiumLibrary">
<arg>${button_voltar}</arg>
<doc>Click element identified by `locator`.</doc>
<msg timestamp="20221009 21:09:17.493" level="INFO">Clicking element 'xpath=/hierarchy/android.widget.FrameLayout/android.widget.LinearLayout/android.widget.FrameLayout/android.widget.LinearLayout/android.widget.FrameLayout/android.widget.FrameLayout/android.widget.FrameLayout/android.view.ViewGroup/android.widget.LinearLayout/android.widget.FrameLayout/android.view.ViewGroup/android.widget.ImageButton'.</msg>
<status status="PASS" starttime="20221009 21:09:17.488" endtime="20221009 21:09:17.677"/>
</kw>
<kw name="Wait Until Element Is Visible" library="AppiumLibrary">
<arg>//android.widget.LinearLayout[@content-desc="My garden"]/android.widget.TextView</arg>
<arg>${timeout}</arg>
<doc>Waits until element specified with `locator` is visible.</doc>
<status status="PASS" starttime="20221009 21:09:17.677" endtime="20221009 21:09:18.774"/>
</kw>
<kw name="Click Element" library="AppiumLibrary">
<arg>//android.widget.LinearLayout[@content-desc="My garden"]/android.widget.TextView</arg>
<doc>Click element identified by `locator`.</doc>
<msg timestamp="20221009 21:09:18.779" level="INFO">Clicking element '//android.widget.LinearLayout[@content-desc="My garden"]/android.widget.TextView'.</msg>
<status status="PASS" starttime="20221009 21:09:18.774" endtime="20221009 21:09:20.202"/>
</kw>
<kw name="Element Should Contain Text" library="AppiumLibrary">
<arg>${element_planta}</arg>
<arg>${informacao_planted_Avocado}</arg>
<doc>Verifies element identified by ``locator`` contains text ``expected``.</doc>
<msg timestamp="20221009 21:09:20.208" level="INFO">Verifying element 'id=com.google.samples.apps.sunflower:id/plant_name' contains text 'Avocado'.</msg>
<status status="PASS" starttime="20221009 21:09:20.202" endtime="20221009 21:09:21.265"/>
</kw>
<kw name="Element Should Contain Text" library="AppiumLibrary">
<arg>${element_informacao_planted}</arg>
<arg>${informacao_planted}</arg>
<doc>Verifies element identified by ``locator`` contains text ``expected``.</doc>
<msg timestamp="20221009 21:09:21.271" level="INFO">Verifying element 'id=com.google.samples.apps.sunflower:id/plant_date_header' contains text 'Planted'.</msg>
<status status="PASS" starttime="20221009 21:09:21.265" endtime="20221009 21:09:21.602"/>
</kw>
<kw name="Element Should Contain Text" library="AppiumLibrary">
<arg>${element_informacao_date}</arg>
<arg>${date_plant}</arg>
<doc>Verifies element identified by ``locator`` contains text ``expected``.</doc>
<msg timestamp="20221009 21:09:21.608" level="INFO">Verifying element 'id=com.google.samples.apps.sunflower:id/watered_date_header' contains text 'Last Watered'.</msg>
<status status="PASS" starttime="20221009 21:09:21.602" endtime="20221009 21:09:21.846"/>
</kw>
<status status="PASS" starttime="20221009 21:09:16.400" endtime="20221009 21:09:21.847"/>
</kw>
<status status="PASS" starttime="20221009 21:09:11.425" endtime="20221009 21:09:21.848"/>
</kw>
<status status="PASS" starttime="20221009 21:09:11.425" endtime="20221009 21:09:21.848"/>
</kw>
<status status="PASS" starttime="20221009 21:09:11.424" endtime="20221009 21:09:21.848"/>
</kw>
<kw name="Quando tentar adicionar a planta novamente" library="BDD" sourcename="Quando ${keyword}">
<kw name="Run Keyword" library="BuiltIn">
<arg>${keyword}</arg>
<doc>Executes the given keyword with the given arguments.</doc>
<kw name="tentar adicionar a planta novamente" library="KeywordsSunflower">
<kw name="Wait Until Element Is Visible" library="AppiumLibrary">
<arg>//android.widget.LinearLayout[@content-desc="Plant list"]/android.widget.TextView</arg>
<arg>${timeout}</arg>
<doc>Waits until element specified with `locator` is visible.</doc>
<status status="PASS" starttime="20221009 21:09:21.852" endtime="20221009 21:09:22.340"/>
</kw>
<kw name="Click Element" library="AppiumLibrary">
<arg>//android.widget.LinearLayout[@content-desc="Plant list"]/android.widget.TextView</arg>
<doc>Click element identified by `locator`.</doc>
<msg timestamp="20221009 21:09:22.344" level="INFO">Clicking element '//android.widget.LinearLayout[@content-desc="Plant list"]/android.widget.TextView'.</msg>
<status status="PASS" starttime="20221009 21:09:22.340" endtime="20221009 21:09:22.840"/>
</kw>
<kw name="Wait Until Element Is Visible" library="AppiumLibrary">
<arg>${buttonAvocado}</arg>
<arg>${timeout}</arg>
<doc>Waits until element specified with `locator` is visible.</doc>
<status status="PASS" starttime="20221009 21:09:22.840" endtime="20221009 21:09:24.366"/>
</kw>
<kw name="Click Element" library="AppiumLibrary">
<arg>${buttonAvocado}</arg>
<doc>Click element identified by `locator`.</doc>
<msg timestamp="20221009 21:09:24.371" level="INFO">Clicking element 'xpath=/hierarchy/android.widget.FrameLayout/android.widget.LinearLayout/android.widget.FrameLayout/android.widget.LinearLayout/android.widget.FrameLayout/android.widget.FrameLayout/android.widget.FrameLayout/android.view.ViewGroup/androidx.viewpager.widget.ViewPager/androidx.recyclerview.widget.RecyclerView/android.widget.FrameLayout/android.widget.FrameLayout/androidx.recyclerview.widget.RecyclerView/androidx.cardview.widget.CardView[2]/android.view.ViewGroup/android.widget.TextView'.</msg>
<status status="PASS" starttime="20221009 21:09:24.367" endtime="20221009 21:09:24.919"/>
</kw>
<status status="PASS" starttime="20221009 21:09:21.851" endtime="20221009 21:09:24.919"/>
</kw>
<status status="PASS" starttime="20221009 21:09:21.850" endtime="20221009 21:09:24.919"/>
</kw>
<status status="PASS" starttime="20221009 21:09:21.849" endtime="20221009 21:09:24.919"/>
</kw>
<kw name="Então valido que não é possivel adiciona-la" library="BDD" sourcename="Então ${keyword}">
<kw name="Run Keyword" library="BuiltIn">
<arg>${keyword}</arg>
<doc>Executes the given keyword with the given arguments.</doc>
<kw name="valido que não é possivel adiciona-la" library="KeywordsSunflower">
<kw name="Wait Until Page Contains Element" library="AppiumLibrary">
<arg>${gallery_nav}</arg>
<arg>${timeout}</arg>
<doc>Waits until element specified with `locator` appears on current page.</doc>
<status status="PASS" starttime="20221009 21:09:24.925" endtime="20221009 21:09:25.527"/>
</kw>
<kw name="Page Should Not Contain Element" library="AppiumLibrary">
<arg>${buttonadd}</arg>
<arg>${timeout}</arg>
<doc>Verifies that current page not contains `locator` element.</doc>
<msg timestamp="20221009 21:09:26.119" level="INFO">Current page not contains element 'id=com.google.samples.apps.sunflower:id/fab'.</msg>
<status status="PASS" starttime="20221009 21:09:25.527" endtime="20221009 21:09:26.120"/>
</kw>
<status status="PASS" starttime="20221009 21:09:24.924" endtime="20221009 21:09:26.120"/>
</kw>
<status status="PASS" starttime="20221009 21:09:24.923" endtime="20221009 21:09:26.120"/>
</kw>
<status status="PASS" starttime="20221009 21:09:24.922" endtime="20221009 21:09:26.121"/>
</kw>
<kw name="Close App" library="Base" type="TEARDOWN">
<kw name="Close Application" library="AppiumLibrary">
<doc>Closes the current application and also close webdriver session.</doc>
<status status="PASS" starttime="20221009 21:09:26.123" endtime="20221009 21:09:27.053"/>
</kw>
<status status="PASS" starttime="20221009 21:09:26.123" endtime="20221009 21:09:27.053"/>
</kw>
<tag>NaoePossivelAdicionaraMesmaPlanta</tag>
<status status="PASS" starttime="20221009 21:08:57.018" endtime="20221009 21:09:27.054"/>
</test>
<status status="PASS" starttime="20221009 21:07:28.677" endtime="20221009 21:09:27.071"/>
</suite>
<status status="PASS" starttime="20221009 21:07:28.643" endtime="20221009 21:09:27.077"/>
</suite>
<statistics>
<total>
<stat pass="5" fail="0" skip="0">All Tests</stat>
</total>
<tag>
<stat pass="1" fail="0" skip="0">AdicionarPlanta_Apple</stat>
<stat pass="1" fail="0" skip="0">AdicionarPlanta_Avocado</stat>
<stat pass="1" fail="0" skip="0">AdicionarPlanta_Beet</stat>
<stat pass="1" fail="0" skip="0">NaoePossivelAdicionaraMesmaPlanta</stat>
<stat pass="1" fail="0" skip="0">ValidarJardimVazio</stat>
</tag>
<suite>
<stat pass="5" fail="0" skip="0" id="s1" name="MyGarden">MyGarden</stat>
<stat pass="5" fail="0" skip="0" id="s1-s1" name="addPlanta">MyGarden.addPlanta</stat>
</suite>
</statistics>
<errors>
</errors>
</robot>
